<?xml version="1.0" encoding="UTF-8"?>
<!-- Generated by org.testng.reporters.JUnitXMLReporter -->
<testsuite hostname="Awantika" name="Analyst Internation Web Application Test" tests="2" failures="0" timestamp="10 Oct 2019 03:57:55 GMT" time="65.744" errors="0">
  <testcase name="feature" time="42.139" classname="com.qa.TestRunner.TestRunner"/>
  <testcase name="feature" time="22.966" classname="com.qa.TestRunner.TestRunner"/>
</testsuite> <!-- Analyst Internation Web Application Test -->
